     1 00000000                                 [FORMAT "WCOFF"]
     2 00000000                                 [INSTRSET "i486p"]
     3 00000000                                 [OPTIMIZE 1]
     4 00000000                                 [OPTION 1]
     5 00000000                                 [BITS 32]
     6 00000000                                 	EXTERN	_table_rgb.0
     7 00000000                                 	EXTERN	_io_load_eflags
     8 00000000                                 	EXTERN	_io_cli
     9 00000000                                 	EXTERN	_io_out8
    10 00000000                                 	EXTERN	_io_store_eflags
    11 00000000                                 	EXTERN	_memman_alloc_4k
    12 00000000                                 	EXTERN	_file_readfat
    13 00000000                                 	EXTERN	_memman_free_4k
    14 00000000                                 	EXTERN	_task_now
    15 00000000                                 	EXTERN	_hankaku
    16 00000000                                 	EXTERN	_file_search
    17 00000000                                 	EXTERN	_file_loadfile2
    18 00000000                                 	EXTERN	_info_JPEG
    19 00000000                                 	EXTERN	_decode0_JPEG
    20 00000000                                 [FILE "graphic.c"]
    21                                          [SECTION .data]
    22 00000000                                 _table_rgb.0:
    23 00000000 00                              	DB	0
    24 00000001 00                              	DB	0
    25 00000002 00                              	DB	0
    26 00000003 FF                              	DB	-1
    27 00000004 00                              	DB	0
    28 00000005 00                              	DB	0
    29 00000006 00                              	DB	0
    30 00000007 FF                              	DB	-1
    31 00000008 00                              	DB	0
    32 00000009 FF                              	DB	-1
    33 0000000A FF                              	DB	-1
    34 0000000B 00                              	DB	0
    35 0000000C 00                              	DB	0
    36 0000000D 00                              	DB	0
    37 0000000E FF                              	DB	-1
    38 0000000F FF                              	DB	-1
    39 00000010 00                              	DB	0
    40 00000011 FF                              	DB	-1
    41 00000012 00                              	DB	0
    42 00000013 FF                              	DB	-1
    43 00000014 FF                              	DB	-1
    44 00000015 FF                              	DB	-1
    45 00000016 FF                              	DB	-1
    46 00000017 FF                              	DB	-1
    47 00000018 C6                              	DB	-58
    48 00000019 C6                              	DB	-58
    49 0000001A C6                              	DB	-58
    50 0000001B 84                              	DB	-124
    51 0000001C 00                              	DB	0
    52 0000001D 00                              	DB	0
    53 0000001E 00                              	DB	0
    54 0000001F 84                              	DB	-124
    55 00000020 00                              	DB	0
    56 00000021 84                              	DB	-124
    57 00000022 84                              	DB	-124
    58 00000023 00                              	DB	0
    59 00000024 00                              	DB	0
    60 00000025 00                              	DB	0
    61 00000026 84                              	DB	-124
    62 00000027 84                              	DB	-124
    63 00000028 00                              	DB	0
    64 00000029 84                              	DB	-124
    65 0000002A 00                              	DB	0
    66 0000002B 84                              	DB	-124
    67 0000002C 84                              	DB	-124
    68 0000002D 84                              	DB	-124
    69 0000002E 84                              	DB	-124
    70 0000002F 84                              	DB	-124
    71                                          [SECTION .text]
    72 00000000                                 	GLOBAL	_init_palette
    73 00000000                                 _init_palette:
    74 00000000 55                              	PUSH	EBP
    75 00000001 89 E5                           	MOV	EBP,ESP
    76 00000003 57                              	PUSH	EDI
    77 00000004 56                              	PUSH	ESI
    78 00000005 53                              	PUSH	EBX
    79 00000006 81 EC 000002A4                  	SUB	ESP,676
    80 0000000C 68 [00000000]                   	PUSH	_table_rgb.0
    81 00000011 6A 0F                           	PUSH	15
    82 00000013 6A 00                           	PUSH	0
    83 00000015 E8 000000B4                     	CALL	_set_palette
    84 0000001A 83 C4 0C                        	ADD	ESP,12
    85 0000001D C7 85 FFFFFD60 00000000         	MOV	DWORD [-672+EBP],0
    86 00000027 C7 85 FFFFFD5C 00000000         	MOV	DWORD [-676+EBP],0
    87 00000031 C7 85 FFFFFD58 00000000         	MOV	DWORD [-680+EBP],0
    88 0000003B                                 L16:
    89 0000003B 31 FF                           	XOR	EDI,EDI
    90 0000003D 31 F6                           	XOR	ESI,ESI
    91 0000003F 31 DB                           	XOR	EBX,EBX
    92 00000041                                 L15:
    93 00000041 31 D2                           	XOR	EDX,EDX
    94 00000043 C7 85 FFFFFD50 00000000         	MOV	DWORD [-688+EBP],0
    95 0000004D                                 L14:
    96 0000004D 8B 85 FFFFFD58                  	MOV	EAX,DWORD [-680+EBP]
    97 00000053 8A 8D FFFFFD50                  	MOV	CL,BYTE [-688+EBP]
    98 00000059 01 D8                           	ADD	EAX,EBX
    99 0000005B 01 D0                           	ADD	EAX,EDX
   100 0000005D 42                              	INC	EDX
   101 0000005E 6B C0 03                        	IMUL	EAX,EAX,3
   102 00000061 88 8C 05 FFFFFD64               	MOV	BYTE [-668+EBP+EAX*1],CL
   103 00000068 89 F1                           	MOV	ECX,ESI
   104 0000006A 88 8C 05 FFFFFD65               	MOV	BYTE [-667+EBP+EAX*1],CL
   105 00000071 8A 8D FFFFFD5C                  	MOV	CL,BYTE [-676+EBP]
   106 00000077 88 8C 05 FFFFFD66               	MOV	BYTE [-666+EBP+EAX*1],CL
   107 0000007E 83 85 FFFFFD50 33               	ADD	DWORD [-688+EBP],51
   108 00000085 83 FA 05                        	CMP	EDX,5
   109 00000088 7E C3                           	JLE	L14
   110 0000008A 47                              	INC	EDI
   111 0000008B 83 C6 33                        	ADD	ESI,51
   112 0000008E 83 C3 06                        	ADD	EBX,6
   113 00000091 83 FF 05                        	CMP	EDI,5
   114 00000094 7E AB                           	JLE	L15
   115 00000096 FF 85 FFFFFD60                  	INC	DWORD [-672+EBP]
   116 0000009C 83 85 FFFFFD5C 33               	ADD	DWORD [-676+EBP],51
   117 000000A3 83 85 FFFFFD58 24               	ADD	DWORD [-680+EBP],36
   118 000000AA 83 BD FFFFFD60 05               	CMP	DWORD [-672+EBP],5
   119 000000B1 7E 88                           	JLE	L16
   120 000000B3 8D 85 FFFFFD64                  	LEA	EAX,DWORD [-668+EBP]
   121 000000B9 50                              	PUSH	EAX
   122 000000BA 68 000000E7                     	PUSH	231
   123 000000BF 6A 10                           	PUSH	16
   124 000000C1 E8 00000008                     	CALL	_set_palette
   125 000000C6 8D 65 F4                        	LEA	ESP,DWORD [-12+EBP]
   126 000000C9 5B                              	POP	EBX
   127 000000CA 5E                              	POP	ESI
   128 000000CB 5F                              	POP	EDI
   129 000000CC 5D                              	POP	EBP
   130 000000CD C3                              	RET
   131 000000CE                                 	GLOBAL	_set_palette
   132 000000CE                                 _set_palette:
   133 000000CE 55                              	PUSH	EBP
   134 000000CF 89 E5                           	MOV	EBP,ESP
   135 000000D1 57                              	PUSH	EDI
   136 000000D2 56                              	PUSH	ESI
   137 000000D3 53                              	PUSH	EBX
   138 000000D4 51                              	PUSH	ECX
   139 000000D5 8B 5D 08                        	MOV	EBX,DWORD [8+EBP]
   140 000000D8 8B 7D 0C                        	MOV	EDI,DWORD [12+EBP]
   141 000000DB 8B 75 10                        	MOV	ESI,DWORD [16+EBP]
   142 000000DE E8 [00000000]                   	CALL	_io_load_eflags
   143 000000E3 89 45 F0                        	MOV	DWORD [-16+EBP],EAX
   144 000000E6 E8 [00000000]                   	CALL	_io_cli
   145 000000EB 53                              	PUSH	EBX
   146 000000EC 68 000003C8                     	PUSH	968
   147 000000F1 E8 [00000000]                   	CALL	_io_out8
   148 000000F6 39 FB                           	CMP	EBX,EDI
   149 000000F8 58                              	POP	EAX
   150 000000F9 5A                              	POP	EDX
   151 000000FA 7E 12                           	JLE	L28
   152 000000FC                                 L30:
   153 000000FC 8B 45 F0                        	MOV	EAX,DWORD [-16+EBP]
   154 000000FF 89 45 08                        	MOV	DWORD [8+EBP],EAX
   155 00000102 8D 65 F4                        	LEA	ESP,DWORD [-12+EBP]
   156 00000105 5B                              	POP	EBX
   157 00000106 5E                              	POP	ESI
   158 00000107 5F                              	POP	EDI
   159 00000108 5D                              	POP	EBP
   160 00000109 E9 [00000000]                   	JMP	_io_store_eflags
   161 0000010E                                 L28:
   162 0000010E 8A 06                           	MOV	AL,BYTE [ESI]
   163 00000110 43                              	INC	EBX
   164 00000111 C0 E8 02                        	SHR	AL,2
   165 00000114 0F B6 C0                        	MOVZX	EAX,AL
   166 00000117 50                              	PUSH	EAX
   167 00000118 68 000003C9                     	PUSH	969
   168 0000011D E8 [00000000]                   	CALL	_io_out8
   169 00000122 8A 46 01                        	MOV	AL,BYTE [1+ESI]
   170 00000125 C0 E8 02                        	SHR	AL,2
   171 00000128 0F B6 C0                        	MOVZX	EAX,AL
   172 0000012B 50                              	PUSH	EAX
   173 0000012C 68 000003C9                     	PUSH	969
   174 00000131 E8 [00000000]                   	CALL	_io_out8
   175 00000136 8A 46 02                        	MOV	AL,BYTE [2+ESI]
   176 00000139 C0 E8 02                        	SHR	AL,2
   177 0000013C 83 C6 03                        	ADD	ESI,3
   178 0000013F 0F B6 C0                        	MOVZX	EAX,AL
   179 00000142 50                              	PUSH	EAX
   180 00000143 68 000003C9                     	PUSH	969
   181 00000148 E8 [00000000]                   	CALL	_io_out8
   182 0000014D 83 C4 18                        	ADD	ESP,24
   183 00000150 39 FB                           	CMP	EBX,EDI
   184 00000152 7E BA                           	JLE	L28
   185 00000154 EB A6                           	JMP	L30
   186 00000156                                 	GLOBAL	_boxfill8
   187 00000156                                 _boxfill8:
   188 00000156 55                              	PUSH	EBP
   189 00000157 89 E5                           	MOV	EBP,ESP
   190 00000159 57                              	PUSH	EDI
   191 0000015A 56                              	PUSH	ESI
   192 0000015B 53                              	PUSH	EBX
   193 0000015C 57                              	PUSH	EDI
   194 0000015D 57                              	PUSH	EDI
   195 0000015E 8A 45 10                        	MOV	AL,BYTE [16+EBP]
   196 00000161 8B 4D 18                        	MOV	ECX,DWORD [24+EBP]
   197 00000164 8B 7D 1C                        	MOV	EDI,DWORD [28+EBP]
   198 00000167 88 45 F3                        	MOV	BYTE [-13+EBP],AL
   199 0000016A 3B 4D 20                        	CMP	ECX,DWORD [32+EBP]
   200 0000016D 7F 31                           	JG	L43
   201 0000016F 8B 5D 0C                        	MOV	EBX,DWORD [12+EBP]
   202 00000172 0F AF D9                        	IMUL	EBX,ECX
   203 00000175                                 L41:
   204 00000175 8B 55 14                        	MOV	EDX,DWORD [20+EBP]
   205 00000178 39 FA                           	CMP	EDX,EDI
   206 0000017A 7F 1B                           	JG	L45
   207 0000017C 8B 75 08                        	MOV	ESI,DWORD [8+EBP]
   208 0000017F 01 DE                           	ADD	ESI,EBX
   209 00000181 01 D6                           	ADD	ESI,EDX
   210 00000183 89 75 EC                        	MOV	DWORD [-20+EBP],ESI
   211 00000186                                 L40:
   212 00000186 8B 75 EC                        	MOV	ESI,DWORD [-20+EBP]
   213 00000189 8A 45 F3                        	MOV	AL,BYTE [-13+EBP]
   214 0000018C 42                              	INC	EDX
   215 0000018D 88 06                           	MOV	BYTE [ESI],AL
   216 0000018F 46                              	INC	ESI
   217 00000190 89 75 EC                        	MOV	DWORD [-20+EBP],ESI
   218 00000193 39 FA                           	CMP	EDX,EDI
   219 00000195 7E EF                           	JLE	L40
   220 00000197                                 L45:
   221 00000197 41                              	INC	ECX
   222 00000198 03 5D 0C                        	ADD	EBX,DWORD [12+EBP]
   223 0000019B 3B 4D 20                        	CMP	ECX,DWORD [32+EBP]
   224 0000019E 7E D5                           	JLE	L41
   225 000001A0                                 L43:
   226 000001A0 5B                              	POP	EBX
   227 000001A1 5E                              	POP	ESI
   228 000001A2 5B                              	POP	EBX
   229 000001A3 5E                              	POP	ESI
   230 000001A4 5F                              	POP	EDI
   231 000001A5 5D                              	POP	EBP
   232 000001A6 C3                              	RET
   233 000001A7                                 	GLOBAL	_init_screen8
   234 000001A7                                 _init_screen8:
   235 000001A7 55                              	PUSH	EBP
   236 000001A8 89 E5                           	MOV	EBP,ESP
   237 000001AA 57                              	PUSH	EDI
   238 000001AB 56                              	PUSH	ESI
   239 000001AC 53                              	PUSH	EBX
   240 000001AD 50                              	PUSH	EAX
   241 000001AE 8B 7D 10                        	MOV	EDI,DWORD [16+EBP]
   242 000001B1 8B 75 0C                        	MOV	ESI,DWORD [12+EBP]
   243 000001B4 8B 45 08                        	MOV	EAX,DWORD [8+EBP]
   244 000001B7 89 45 F0                        	MOV	DWORD [-16+EBP],EAX
   245 000001BA 8D 47 E3                        	LEA	EAX,DWORD [-29+EDI]
   246 000001BD 50                              	PUSH	EAX
   247 000001BE 8D 46 FF                        	LEA	EAX,DWORD [-1+ESI]
   248 000001C1 50                              	PUSH	EAX
   249 000001C2 6A 00                           	PUSH	0
   250 000001C4 6A 00                           	PUSH	0
   251 000001C6 6A 00                           	PUSH	0
   252 000001C8 56                              	PUSH	ESI
   253 000001C9 FF 75 F0                        	PUSH	DWORD [-16+EBP]
   254 000001CC E8 FFFFFF85                     	CALL	_boxfill8
   255 000001D1 68 00002D00                     	PUSH	11520
   256 000001D6 68 003C0000                     	PUSH	3932160
   257 000001DB E8 [00000000]                   	CALL	_memman_alloc_4k
   258 000001E0 83 C4 24                        	ADD	ESP,36
   259 000001E3 89 C3                           	MOV	EBX,EAX
   260 000001E5 68 00100200                     	PUSH	1049088
   261 000001EA 50                              	PUSH	EAX
   262 000001EB E8 [00000000]                   	CALL	_file_readfat
   263 000001F0 57                              	PUSH	EDI
   264 000001F1 56                              	PUSH	ESI
   265 000001F2 FF 75 F0                        	PUSH	DWORD [-16+EBP]
   266 000001F5 53                              	PUSH	EBX
   267 000001F6 E8 000005B2                     	CALL	_read_picture
   268 000001FB 89 5D 0C                        	MOV	DWORD [12+EBP],EBX
   269 000001FE C7 45 10 00002D00               	MOV	DWORD [16+EBP],11520
   270 00000205 C7 45 08 003C0000               	MOV	DWORD [8+EBP],3932160
   271 0000020C 83 C4 18                        	ADD	ESP,24
   272 0000020F 8D 65 F4                        	LEA	ESP,DWORD [-12+EBP]
   273 00000212 5B                              	POP	EBX
   274 00000213 5E                              	POP	ESI
   275 00000214 5F                              	POP	EDI
   276 00000215 5D                              	POP	EBP
   277 00000216 E9 [00000000]                   	JMP	_memman_free_4k
   278 0000021B                                 	GLOBAL	_putfont8
   279 0000021B                                 _putfont8:
   280 0000021B 55                              	PUSH	EBP
   281 0000021C 89 E5                           	MOV	EBP,ESP
   282 0000021E 57                              	PUSH	EDI
   283 0000021F 56                              	PUSH	ESI
   284 00000220 31 F6                           	XOR	ESI,ESI
   285 00000222 53                              	PUSH	EBX
   286 00000223 8B 7D 1C                        	MOV	EDI,DWORD [28+EBP]
   287 00000226 8A 5D 18                        	MOV	BL,BYTE [24+EBP]
   288 00000229                                 L60:
   289 00000229 8B 45 14                        	MOV	EAX,DWORD [20+EBP]
   290 0000022C 8B 55 10                        	MOV	EDX,DWORD [16+EBP]
   291 0000022F 01 F0                           	ADD	EAX,ESI
   292 00000231 0F AF 45 0C                     	IMUL	EAX,DWORD [12+EBP]
   293 00000235 03 45 08                        	ADD	EAX,DWORD [8+EBP]
   294 00000238 8D 0C 02                        	LEA	ECX,DWORD [EDX+EAX*1]
   295 0000023B 8A 14 3E                        	MOV	DL,BYTE [ESI+EDI*1]
   296 0000023E 84 D2                           	TEST	DL,DL
   297 00000240 79 02                           	JNS	L52
   298 00000242 88 19                           	MOV	BYTE [ECX],BL
   299 00000244                                 L52:
   300 00000244 88 D0                           	MOV	AL,DL
   301 00000246 83 E0 40                        	AND	EAX,64
   302 00000249 84 C0                           	TEST	AL,AL
   303 0000024B 74 03                           	JE	L53
   304 0000024D 88 59 01                        	MOV	BYTE [1+ECX],BL
   305 00000250                                 L53:
   306 00000250 88 D0                           	MOV	AL,DL
   307 00000252 83 E0 20                        	AND	EAX,32
   308 00000255 84 C0                           	TEST	AL,AL
   309 00000257 74 03                           	JE	L54
   310 00000259 88 59 02                        	MOV	BYTE [2+ECX],BL
   311 0000025C                                 L54:
   312 0000025C 88 D0                           	MOV	AL,DL
   313 0000025E 83 E0 10                        	AND	EAX,16
   314 00000261 84 C0                           	TEST	AL,AL
   315 00000263 74 03                           	JE	L55
   316 00000265 88 59 03                        	MOV	BYTE [3+ECX],BL
   317 00000268                                 L55:
   318 00000268 88 D0                           	MOV	AL,DL
   319 0000026A 83 E0 08                        	AND	EAX,8
   320 0000026D 84 C0                           	TEST	AL,AL
   321 0000026F 74 03                           	JE	L56
   322 00000271 88 59 04                        	MOV	BYTE [4+ECX],BL
   323 00000274                                 L56:
   324 00000274 88 D0                           	MOV	AL,DL
   325 00000276 83 E0 04                        	AND	EAX,4
   326 00000279 84 C0                           	TEST	AL,AL
   327 0000027B 74 03                           	JE	L57
   328 0000027D 88 59 05                        	MOV	BYTE [5+ECX],BL
   329 00000280                                 L57:
   330 00000280 88 D0                           	MOV	AL,DL
   331 00000282 83 E0 02                        	AND	EAX,2
   332 00000285 84 C0                           	TEST	AL,AL
   333 00000287 74 03                           	JE	L58
   334 00000289 88 59 06                        	MOV	BYTE [6+ECX],BL
   335 0000028C                                 L58:
   336 0000028C 83 E2 01                        	AND	EDX,1
   337 0000028F 84 D2                           	TEST	DL,DL
   338 00000291 74 03                           	JE	L50
   339 00000293 88 59 07                        	MOV	BYTE [7+ECX],BL
   340 00000296                                 L50:
   341 00000296 46                              	INC	ESI
   342 00000297 83 FE 0F                        	CMP	ESI,15
   343 0000029A 7E 8D                           	JLE	L60
   344 0000029C 5B                              	POP	EBX
   345 0000029D 5E                              	POP	ESI
   346 0000029E 5F                              	POP	EDI
   347 0000029F 5D                              	POP	EBP
   348 000002A0 C3                              	RET
   349 000002A1                                 	GLOBAL	_putfont32
   350 000002A1                                 _putfont32:
   351 000002A1 55                              	PUSH	EBP
   352 000002A2 89 E5                           	MOV	EBP,ESP
   353 000002A4 57                              	PUSH	EDI
   354 000002A5 56                              	PUSH	ESI
   355 000002A6 53                              	PUSH	EBX
   356 000002A7 83 EC 10                        	SUB	ESP,16
   357 000002AA 8A 45 18                        	MOV	AL,BYTE [24+EBP]
   358 000002AD 8B 55 10                        	MOV	EDX,DWORD [16+EBP]
   359 000002B0 88 45 F3                        	MOV	BYTE [-13+EBP],AL
   360 000002B3 8B 45 14                        	MOV	EAX,DWORD [20+EBP]
   361 000002B6 0F AF 45 0C                     	IMUL	EAX,DWORD [12+EBP]
   362 000002BA 03 45 08                        	ADD	EAX,DWORD [8+EBP]
   363 000002BD C7 45 E8 00000001               	MOV	DWORD [-24+EBP],1
   364 000002C4 8D 3C 02                        	LEA	EDI,DWORD [EDX+EAX*1]
   365 000002C7 C7 45 EC 00000000               	MOV	DWORD [-20+EBP],0
   366 000002CE                                 L80:
   367 000002CE 31 DB                           	XOR	EBX,EBX
   368 000002D0                                 L73:
   369 000002D0 8B 4D 1C                        	MOV	ECX,DWORD [28+EBP]
   370 000002D3 8B 45 EC                        	MOV	EAX,DWORD [-20+EBP]
   371 000002D6 0F BE 14 08                     	MOVSX	EDX,BYTE [EAX+ECX*1]
   372 000002DA B8 00000080                     	MOV	EAX,128
   373 000002DF 88 D9                           	MOV	CL,BL
   374 000002E1 D3 F8                           	SAR	EAX,CL
   375 000002E3 85 C2                           	TEST	EDX,EAX
   376 000002E5 74 16                           	JE	L70
   377 000002E7 8B 45 EC                        	MOV	EAX,DWORD [-20+EBP]
   378 000002EA BA 00000002                     	MOV	EDX,2
   379 000002EF 89 D1                           	MOV	ECX,EDX
   380 000002F1 99                              	CDQ
   381 000002F2 F7 F9                           	IDIV	ECX
   382 000002F4 8A 45 F3                        	MOV	AL,BYTE [-13+EBP]
   383 000002F7 8D 14 D3                        	LEA	EDX,DWORD [EBX+EDX*8]
   384 000002FA 88 04 3A                        	MOV	BYTE [EDX+EDI*1],AL
   385 000002FD                                 L70:
   386 000002FD 43                              	INC	EBX
   387 000002FE 83 FB 07                        	CMP	EBX,7
   388 00000301 7E CD                           	JLE	L73
   389 00000303 31 DB                           	XOR	EBX,EBX
   390 00000305                                 L78:
   391 00000305 8B 45 EC                        	MOV	EAX,DWORD [-20+EBP]
   392 00000308 BA 00000002                     	MOV	EDX,2
   393 0000030D 89 D1                           	MOV	ECX,EDX
   394 0000030F 99                              	CDQ
   395 00000310 F7 F9                           	IDIV	ECX
   396 00000312 C1 E2 03                        	SAL	EDX,3
   397 00000315 8D 0C 13                        	LEA	ECX,DWORD [EBX+EDX*1]
   398 00000318 29 DA                           	SUB	EDX,EBX
   399 0000031A 43                              	INC	EBX
   400 0000031B 0F BE 34 39                     	MOVSX	ESI,BYTE [ECX+EDI*1]
   401 0000031F 8A 44 3A 07                     	MOV	AL,BYTE [7+EDX+EDI*1]
   402 00000323 83 FB 03                        	CMP	EBX,3
   403 00000326 88 04 39                        	MOV	BYTE [ECX+EDI*1],AL
   404 00000329 89 F0                           	MOV	EAX,ESI
   405 0000032B 88 44 3A 07                     	MOV	BYTE [7+EDX+EDI*1],AL
   406 0000032F 7E D4                           	JLE	L78
   407 00000331 F7 45 EC 00000001               	TEST	DWORD [-20+EBP],1
   408 00000338 74 16                           	JE	L66
   409 0000033A 8B 45 14                        	MOV	EAX,DWORD [20+EBP]
   410 0000033D 8B 55 10                        	MOV	EDX,DWORD [16+EBP]
   411 00000340 03 45 E8                        	ADD	EAX,DWORD [-24+EBP]
   412 00000343 FF 45 E8                        	INC	DWORD [-24+EBP]
   413 00000346 0F AF 45 0C                     	IMUL	EAX,DWORD [12+EBP]
   414 0000034A 03 45 08                        	ADD	EAX,DWORD [8+EBP]
   415 0000034D 8D 3C 02                        	LEA	EDI,DWORD [EDX+EAX*1]
   416 00000350                                 L66:
   417 00000350 FF 45 EC                        	INC	DWORD [-20+EBP]
   418 00000353 83 7D EC 0F                     	CMP	DWORD [-20+EBP],15
   419 00000357 0F 8E FFFFFF71                  	JLE	L80
   420 0000035D C7 45 EC 00000000               	MOV	DWORD [-20+EBP],0
   421 00000364                                 L97:
   422 00000364 31 DB                           	XOR	EBX,EBX
   423 00000366                                 L90:
   424 00000366 8B 4D 20                        	MOV	ECX,DWORD [32+EBP]
   425 00000369 8B 45 EC                        	MOV	EAX,DWORD [-20+EBP]
   426 0000036C 0F BE 14 08                     	MOVSX	EDX,BYTE [EAX+ECX*1]
   427 00000370 B8 00000080                     	MOV	EAX,128
   428 00000375 88 D9                           	MOV	CL,BL
   429 00000377 D3 F8                           	SAR	EAX,CL
   430 00000379 85 C2                           	TEST	EDX,EAX
   431 0000037B 74 16                           	JE	L87
   432 0000037D 8B 45 EC                        	MOV	EAX,DWORD [-20+EBP]
   433 00000380 BA 00000002                     	MOV	EDX,2
   434 00000385 89 D1                           	MOV	ECX,EDX
   435 00000387 99                              	CDQ
   436 00000388 F7 F9                           	IDIV	ECX
   437 0000038A 8A 45 F3                        	MOV	AL,BYTE [-13+EBP]
   438 0000038D 8D 14 D3                        	LEA	EDX,DWORD [EBX+EDX*8]
   439 00000390 88 04 3A                        	MOV	BYTE [EDX+EDI*1],AL
   440 00000393                                 L87:
   441 00000393 43                              	INC	EBX
   442 00000394 83 FB 07                        	CMP	EBX,7
   443 00000397 7E CD                           	JLE	L90
   444 00000399 31 DB                           	XOR	EBX,EBX
   445 0000039B                                 L95:
   446 0000039B 8B 45 EC                        	MOV	EAX,DWORD [-20+EBP]
   447 0000039E BA 00000002                     	MOV	EDX,2
   448 000003A3 89 D1                           	MOV	ECX,EDX
   449 000003A5 99                              	CDQ
   450 000003A6 F7 F9                           	IDIV	ECX
   451 000003A8 C1 E2 03                        	SAL	EDX,3
   452 000003AB 8D 0C 13                        	LEA	ECX,DWORD [EBX+EDX*1]
   453 000003AE 29 DA                           	SUB	EDX,EBX
   454 000003B0 43                              	INC	EBX
   455 000003B1 0F BE 34 39                     	MOVSX	ESI,BYTE [ECX+EDI*1]
   456 000003B5 8A 44 3A 07                     	MOV	AL,BYTE [7+EDX+EDI*1]
   457 000003B9 83 FB 03                        	CMP	EBX,3
   458 000003BC 88 04 39                        	MOV	BYTE [ECX+EDI*1],AL
   459 000003BF 89 F0                           	MOV	EAX,ESI
   460 000003C1 88 44 3A 07                     	MOV	BYTE [7+EDX+EDI*1],AL
   461 000003C5 7E D4                           	JLE	L95
   462 000003C7 F7 45 EC 00000001               	TEST	DWORD [-20+EBP],1
   463 000003CE 74 16                           	JE	L83
   464 000003D0 8B 45 14                        	MOV	EAX,DWORD [20+EBP]
   465 000003D3 8B 55 10                        	MOV	EDX,DWORD [16+EBP]
   466 000003D6 03 45 E8                        	ADD	EAX,DWORD [-24+EBP]
   467 000003D9 FF 45 E8                        	INC	DWORD [-24+EBP]
   468 000003DC 0F AF 45 0C                     	IMUL	EAX,DWORD [12+EBP]
   469 000003E0 03 45 08                        	ADD	EAX,DWORD [8+EBP]
   470 000003E3 8D 3C 02                        	LEA	EDI,DWORD [EDX+EAX*1]
   471 000003E6                                 L83:
   472 000003E6 FF 45 EC                        	INC	DWORD [-20+EBP]
   473 000003E9 83 7D EC 0F                     	CMP	DWORD [-20+EBP],15
   474 000003ED 0F 8E FFFFFF71                  	JLE	L97
   475 000003F3 83 C4 10                        	ADD	ESP,16
   476 000003F6 5B                              	POP	EBX
   477 000003F7 5E                              	POP	ESI
   478 000003F8 5F                              	POP	EDI
   479 000003F9 5D                              	POP	EBP
   480 000003FA C3                              	RET
   481 000003FB                                 	GLOBAL	_putfonts8_asc
   482 000003FB                                 _putfonts8_asc:
   483 000003FB 55                              	PUSH	EBP
   484 000003FC 89 E5                           	MOV	EBP,ESP
   485 000003FE 57                              	PUSH	EDI
   486 000003FF 56                              	PUSH	ESI
   487 00000400 53                              	PUSH	EBX
   488 00000401 83 EC 0C                        	SUB	ESP,12
   489 00000404 8A 45 18                        	MOV	AL,BYTE [24+EBP]
   490 00000407 8B 7D 1C                        	MOV	EDI,DWORD [28+EBP]
   491 0000040A 88 45 F3                        	MOV	BYTE [-13+EBP],AL
   492 0000040D E8 [00000000]                   	CALL	_task_now
   493 00000412 8B 15 00000FE8                  	MOV	EDX,DWORD [4072]
   494 00000418 89 45 EC                        	MOV	DWORD [-20+EBP],EAX
   495 0000041B 89 55 E8                        	MOV	DWORD [-24+EBP],EDX
   496 0000041E 80 B8 000000BC 00               	CMP	BYTE [188+EAX],0
   497 00000425 75 09                           	JNE	L111
   498 00000427 80 3F 00                        	CMP	BYTE [EDI],0
   499 0000042A 0F 85 00000296                  	JNE	L116
   500 00000430                                 L111:
   501 00000430 8B 4D EC                        	MOV	ECX,DWORD [-20+EBP]
   502 00000433 80 B9 000000BC 01               	CMP	BYTE [188+ECX],1
   503 0000043A 0F 84 0000017F                  	JE	L158
   504 00000440                                 L117:
   505 00000440 8B 4D EC                        	MOV	ECX,DWORD [-20+EBP]
   506 00000443 80 B9 000000BC 02               	CMP	BYTE [188+ECX],2
   507 0000044A 0F 84 000000B1                  	JE	L159
   508 00000450                                 L134:
   509 00000450 8B 4D EC                        	MOV	ECX,DWORD [-20+EBP]
   510 00000453 80 B9 000000BC 03               	CMP	BYTE [188+ECX],3
   511 0000045A 74 08                           	JE	L160
   512 0000045C                                 L110:
   513 0000045C 8D 65 F4                        	LEA	ESP,DWORD [-12+EBP]
   514 0000045F 5B                              	POP	EBX
   515 00000460 5E                              	POP	ESI
   516 00000461 5F                              	POP	EDI
   517 00000462 5D                              	POP	EBP
   518 00000463 C3                              	RET
   519 00000464                                 L160:
   520 00000464 80 3F 00                        	CMP	BYTE [EDI],0
   521 00000467 74 F3                           	JE	L110
   522 00000469                                 L153:
   523 00000469 8B 55 EC                        	MOV	EDX,DWORD [-20+EBP]
   524 0000046C 8A 82 000000BD                  	MOV	AL,BYTE [189+EDX]
   525 00000472 84 C0                           	TEST	AL,AL
   526 00000474 75 45                           	JNE	L149
   527 00000476 8A 17                           	MOV	DL,BYTE [EDI]
   528 00000478 8D 42 5F                        	LEA	EAX,DWORD [95+EDX]
   529 0000047B 3C 5D                           	CMP	AL,93
   530 0000047D 77 15                           	JA	L150
   531 0000047F 8B 4D EC                        	MOV	ECX,DWORD [-20+EBP]
   532 00000482 88 91 000000BD                  	MOV	BYTE [189+ECX],DL
   533 00000488                                 L152:
   534 00000488 83 45 10 08                     	ADD	DWORD [16+EBP],8
   535 0000048C 47                              	INC	EDI
   536 0000048D 80 3F 00                        	CMP	BYTE [EDI],0
   537 00000490 75 D7                           	JNE	L153
   538 00000492 EB C8                           	JMP	L110
   539 00000494                                 L150:
   540 00000494 0F B6 C2                        	MOVZX	EAX,DL
   541 00000497 C1 E0 04                        	SAL	EAX,4
   542 0000049A 05 [00000000]                   	ADD	EAX,_hankaku
   543 0000049F 50                              	PUSH	EAX
   544 000004A0 0F BE 45 F3                     	MOVSX	EAX,BYTE [-13+EBP]
   545 000004A4 50                              	PUSH	EAX
   546 000004A5 FF 75 14                        	PUSH	DWORD [20+EBP]
   547 000004A8 FF 75 10                        	PUSH	DWORD [16+EBP]
   548 000004AB FF 75 0C                        	PUSH	DWORD [12+EBP]
   549 000004AE FF 75 08                        	PUSH	DWORD [8+EBP]
   550 000004B1 E8 FFFFFD65                     	CALL	_putfont8
   551 000004B6 83 C4 18                        	ADD	ESP,24
   552 000004B9 EB CD                           	JMP	L152
   553 000004BB                                 L149:
   554 000004BB 0F B6 C0                        	MOVZX	EAX,AL
   555 000004BE 6B C0 5E                        	IMUL	EAX,EAX,94
   556 000004C1 0F B6 17                        	MOVZX	EDX,BYTE [EDI]
   557 000004C4 8B 4D EC                        	MOV	ECX,DWORD [-20+EBP]
   558 000004C7 8D 84 02 FFFFC441               	LEA	EAX,DWORD [-15295+EDX+EAX*1]
   559 000004CE C6 81 000000BD 00               	MOV	BYTE [189+ECX],0
   560 000004D5 C1 E0 05                        	SAL	EAX,5
   561 000004D8 8B 55 E8                        	MOV	EDX,DWORD [-24+EBP]
   562 000004DB 01 C2                           	ADD	EDX,EAX
   563 000004DD 8D 42 10                        	LEA	EAX,DWORD [16+EDX]
   564 000004E0 50                              	PUSH	EAX
   565 000004E1 52                              	PUSH	EDX
   566 000004E2 0F BE 45 F3                     	MOVSX	EAX,BYTE [-13+EBP]
   567 000004E6 50                              	PUSH	EAX
   568 000004E7 8B 45 10                        	MOV	EAX,DWORD [16+EBP]
   569 000004EA FF 75 14                        	PUSH	DWORD [20+EBP]
   570 000004ED 83 E8 08                        	SUB	EAX,8
   571 000004F0 50                              	PUSH	EAX
   572 000004F1 FF 75 0C                        	PUSH	DWORD [12+EBP]
   573 000004F4 FF 75 08                        	PUSH	DWORD [8+EBP]
   574 000004F7 E8 FFFFFDA5                     	CALL	_putfont32
   575 000004FC 83 C4 1C                        	ADD	ESP,28
   576 000004FF EB 87                           	JMP	L152
   577 00000501                                 L159:
   578 00000501 80 3F 00                        	CMP	BYTE [EDI],0
   579 00000504 0F 84 FFFFFF46                  	JE	L134
   580 0000050A                                 L143:
   581 0000050A 8B 55 EC                        	MOV	EDX,DWORD [-20+EBP]
   582 0000050D 8A 82 000000BD                  	MOV	AL,BYTE [189+EDX]
   583 00000513 84 C0                           	TEST	AL,AL
   584 00000515 75 46                           	JNE	L139
   585 00000517 8A 17                           	MOV	DL,BYTE [EDI]
   586 00000519 8D 42 7F                        	LEA	EAX,DWORD [127+EDX]
   587 0000051C 3C 7D                           	CMP	AL,125
   588 0000051E 77 18                           	JA	L140
   589 00000520 8B 4D EC                        	MOV	ECX,DWORD [-20+EBP]
   590 00000523 88 91 000000BD                  	MOV	BYTE [189+ECX],DL
   591 00000529                                 L142:
   592 00000529 83 45 10 08                     	ADD	DWORD [16+EBP],8
   593 0000052D 47                              	INC	EDI
   594 0000052E 80 3F 00                        	CMP	BYTE [EDI],0
   595 00000531 75 D7                           	JNE	L143
   596 00000533 E9 FFFFFF18                     	JMP	L134
   597 00000538                                 L140:
   598 00000538 0F B6 C2                        	MOVZX	EAX,DL
   599 0000053B C1 E0 04                        	SAL	EAX,4
   600 0000053E 03 45 E8                        	ADD	EAX,DWORD [-24+EBP]
   601 00000541 50                              	PUSH	EAX
   602 00000542 0F BE 45 F3                     	MOVSX	EAX,BYTE [-13+EBP]
   603 00000546 50                              	PUSH	EAX
   604 00000547 FF 75 14                        	PUSH	DWORD [20+EBP]
   605 0000054A FF 75 10                        	PUSH	DWORD [16+EBP]
   606 0000054D FF 75 0C                        	PUSH	DWORD [12+EBP]
   607 00000550 FF 75 08                        	PUSH	DWORD [8+EBP]
   608 00000553 E8 FFFFFCC3                     	CALL	_putfont8
   609 00000558 83 C4 18                        	ADD	ESP,24
   610 0000055B EB CC                           	JMP	L142
   611 0000055D                                 L139:
   612 0000055D 0F B6 D8                        	MOVZX	EBX,AL
   613 00000560 6B DB 5E                        	IMUL	EBX,EBX,94
   614 00000563 0F B6 07                        	MOVZX	EAX,BYTE [EDI]
   615 00000566 8B 55 EC                        	MOV	EDX,DWORD [-20+EBP]
   616 00000569 8D 9C 18 FFFFC441               	LEA	EBX,DWORD [-15295+EAX+EBX*1]
   617 00000570 C6 82 000000BD 00               	MOV	BYTE [189+EDX],0
   618 00000577 C1 E3 05                        	SAL	EBX,5
   619 0000057A 8B 45 10                        	MOV	EAX,DWORD [16+EBP]
   620 0000057D 03 5D E8                        	ADD	EBX,DWORD [-24+EBP]
   621 00000580 83 E8 08                        	SUB	EAX,8
   622 00000583 0F BE 75 F3                     	MOVSX	ESI,BYTE [-13+EBP]
   623 00000587 8D 93 00001000                  	LEA	EDX,DWORD [4096+EBX]
   624 0000058D 81 C3 00001010                  	ADD	EBX,4112
   625 00000593 52                              	PUSH	EDX
   626 00000594 56                              	PUSH	ESI
   627 00000595 FF 75 14                        	PUSH	DWORD [20+EBP]
   628 00000598 50                              	PUSH	EAX
   629 00000599 FF 75 0C                        	PUSH	DWORD [12+EBP]
   630 0000059C FF 75 08                        	PUSH	DWORD [8+EBP]
   631 0000059F E8 FFFFFC77                     	CALL	_putfont8
   632 000005A4 53                              	PUSH	EBX
   633 000005A5 56                              	PUSH	ESI
   634 000005A6 FF 75 14                        	PUSH	DWORD [20+EBP]
   635 000005A9 FF 75 10                        	PUSH	DWORD [16+EBP]
   636 000005AC FF 75 0C                        	PUSH	DWORD [12+EBP]
   637 000005AF FF 75 08                        	PUSH	DWORD [8+EBP]
   638 000005B2 E8 FFFFFC64                     	CALL	_putfont8
   639 000005B7 83 C4 30                        	ADD	ESP,48
   640 000005BA E9 FFFFFF6A                     	JMP	L142
   641 000005BF                                 L158:
   642 000005BF 80 3F 00                        	CMP	BYTE [EDI],0
   643 000005C2 0F 84 FFFFFE78                  	JE	L117
   644 000005C8                                 L133:
   645 000005C8 8B 45 EC                        	MOV	EAX,DWORD [-20+EBP]
   646 000005CB 8A 90 000000BD                  	MOV	DL,BYTE [189+EAX]
   647 000005D1 84 D2                           	TEST	DL,DL
   648 000005D3 75 4D                           	JNE	L122
   649 000005D5 8A 17                           	MOV	DL,BYTE [EDI]
   650 000005D7 8D 42 7F                        	LEA	EAX,DWORD [127+EDX]
   651 000005DA 3C 1E                           	CMP	AL,30
   652 000005DC 76 07                           	JBE	L124
   653 000005DE 8D 42 20                        	LEA	EAX,DWORD [32+EDX]
   654 000005E1 3C 1C                           	CMP	AL,28
   655 000005E3 77 18                           	JA	L123
   656 000005E5                                 L124:
   657 000005E5 8B 4D EC                        	MOV	ECX,DWORD [-20+EBP]
   658 000005E8 88 91 000000BD                  	MOV	BYTE [189+ECX],DL
   659 000005EE                                 L126:
   660 000005EE 83 45 10 08                     	ADD	DWORD [16+EBP],8
   661 000005F2 47                              	INC	EDI
   662 000005F3 80 3F 00                        	CMP	BYTE [EDI],0
   663 000005F6 75 D0                           	JNE	L133
   664 000005F8 E9 FFFFFE43                     	JMP	L117
   665 000005FD                                 L123:
   666 000005FD 0F B6 C2                        	MOVZX	EAX,DL
   667 00000600 C1 E0 04                        	SAL	EAX,4
   668 00000603 03 45 E8                        	ADD	EAX,DWORD [-24+EBP]
   669 00000606 50                              	PUSH	EAX
   670 00000607 0F BE 45 F3                     	MOVSX	EAX,BYTE [-13+EBP]
   671 0000060B 50                              	PUSH	EAX
   672 0000060C FF 75 14                        	PUSH	DWORD [20+EBP]
   673 0000060F FF 75 10                        	PUSH	DWORD [16+EBP]
   674 00000612 FF 75 0C                        	PUSH	DWORD [12+EBP]
   675 00000615 FF 75 08                        	PUSH	DWORD [8+EBP]
   676 00000618 E8 FFFFFBFE                     	CALL	_putfont8
   677 0000061D 83 C4 18                        	ADD	ESP,24
   678 00000620 EB CC                           	JMP	L126
   679 00000622                                 L122:
   680 00000622 8D 42 7F                        	LEA	EAX,DWORD [127+EDX]
   681 00000625 3C 1E                           	CMP	AL,30
   682 00000627 0F 87 0000008A                  	JA	L127
   683 0000062D 0F B6 C2                        	MOVZX	EAX,DL
   684 00000630 8D 8C 00 FFFFFEFE               	LEA	ECX,DWORD [-258+EAX+EAX*1]
   685 00000637                                 L128:
   686 00000637 8A 17                           	MOV	DL,BYTE [EDI]
   687 00000639 8D 42 C0                        	LEA	EAX,DWORD [-64+EDX]
   688 0000063C 3C 3E                           	CMP	AL,62
   689 0000063E 77 5D                           	JA	L129
   690 00000640 0F B6 C2                        	MOVZX	EAX,DL
   691 00000643 83 E8 40                        	SUB	EAX,64
   692 00000646                                 L130:
   693 00000646 6B D9 5E                        	IMUL	EBX,ECX,94
   694 00000649 8B 55 EC                        	MOV	EDX,DWORD [-20+EBP]
   695 0000064C 01 C3                           	ADD	EBX,EAX
   696 0000064E C1 E3 05                        	SAL	EBX,5
   697 00000651 C6 82 000000BD 00               	MOV	BYTE [189+EDX],0
   698 00000658 03 5D E8                        	ADD	EBX,DWORD [-24+EBP]
   699 0000065B 8B 45 10                        	MOV	EAX,DWORD [16+EBP]
   700 0000065E 0F BE 75 F3                     	MOVSX	ESI,BYTE [-13+EBP]
   701 00000662 83 E8 08                        	SUB	EAX,8
   702 00000665 8D 93 00001000                  	LEA	EDX,DWORD [4096+EBX]
   703 0000066B 81 C3 00001010                  	ADD	EBX,4112
   704 00000671 52                              	PUSH	EDX
   705 00000672 56                              	PUSH	ESI
   706 00000673 FF 75 14                        	PUSH	DWORD [20+EBP]
   707 00000676 50                              	PUSH	EAX
   708 00000677 FF 75 0C                        	PUSH	DWORD [12+EBP]
   709 0000067A FF 75 08                        	PUSH	DWORD [8+EBP]
   710 0000067D E8 FFFFFB99                     	CALL	_putfont8
   711 00000682 53                              	PUSH	EBX
   712 00000683 56                              	PUSH	ESI
   713 00000684 FF 75 14                        	PUSH	DWORD [20+EBP]
   714 00000687 FF 75 10                        	PUSH	DWORD [16+EBP]
   715 0000068A FF 75 0C                        	PUSH	DWORD [12+EBP]
   716 0000068D FF 75 08                        	PUSH	DWORD [8+EBP]
   717 00000690 E8 FFFFFB86                     	CALL	_putfont8
   718 00000695 83 C4 30                        	ADD	ESP,48
   719 00000698 E9 FFFFFF51                     	JMP	L126
   720 0000069D                                 L129:
   721 0000069D 8D 42 80                        	LEA	EAX,DWORD [-128+EDX]
   722 000006A0 3C 1E                           	CMP	AL,30
   723 000006A2 77 08                           	JA	L131
   724 000006A4 0F B6 C2                        	MOVZX	EAX,DL
   725 000006A7 83 E8 41                        	SUB	EAX,65
   726 000006AA EB 9A                           	JMP	L130
   727 000006AC                                 L131:
   728 000006AC 0F B6 C2                        	MOVZX	EAX,DL
   729 000006AF 2D 0000009F                     	SUB	EAX,159
   730 000006B4 41                              	INC	ECX
   731 000006B5 EB 8F                           	JMP	L130
   732 000006B7                                 L127:
   733 000006B7 0F B6 C2                        	MOVZX	EAX,DL
   734 000006BA 8D 8C 00 FFFFFE7E               	LEA	ECX,DWORD [-386+EAX+EAX*1]
   735 000006C1 E9 FFFFFF71                     	JMP	L128
   736 000006C6                                 L116:
   737 000006C6 0F B6 07                        	MOVZX	EAX,BYTE [EDI]
   738 000006C9 C1 E0 04                        	SAL	EAX,4
   739 000006CC 47                              	INC	EDI
   740 000006CD 05 [00000000]                   	ADD	EAX,_hankaku
   741 000006D2 50                              	PUSH	EAX
   742 000006D3 0F BE 45 F3                     	MOVSX	EAX,BYTE [-13+EBP]
   743 000006D7 50                              	PUSH	EAX
   744 000006D8 FF 75 14                        	PUSH	DWORD [20+EBP]
   745 000006DB FF 75 10                        	PUSH	DWORD [16+EBP]
   746 000006DE FF 75 0C                        	PUSH	DWORD [12+EBP]
   747 000006E1 FF 75 08                        	PUSH	DWORD [8+EBP]
   748 000006E4 E8 FFFFFB32                     	CALL	_putfont8
   749 000006E9 83 C4 18                        	ADD	ESP,24
   750 000006EC 83 45 10 08                     	ADD	DWORD [16+EBP],8
   751 000006F0 80 3F 00                        	CMP	BYTE [EDI],0
   752 000006F3 75 D1                           	JNE	L116
   753 000006F5 E9 FFFFFD36                     	JMP	L111
   754                                          [SECTION .data]
   755 00000030                                 _cursor.1:
   756 00000030 4F 4F 2E 2E 2E 2E 2E 2E 2E 2E   	DB	"OO.............."
       0000003A 2E 2E 2E 2E 2E 2E 
   757 00000040 4F 2A 4F 2E 2E 2E 2E 2E 2E 2E   	DB	"O*O............."
       0000004A 2E 2E 2E 2E 2E 2E 
   758 00000050 4F 2A 2A 4F 2E 2E 2E 2E 2E 2E   	DB	"O**O............"
       0000005A 2E 2E 2E 2E 2E 2E 
   759 00000060 4F 2A 2A 2A 4F 2E 2E 2E 2E 2E   	DB	"O***O..........."
       0000006A 2E 2E 2E 2E 2E 2E 
   760 00000070 4F 2A 2A 2A 2A 4F 2E 2E 2E 2E   	DB	"O****O.........."
       0000007A 2E 2E 2E 2E 2E 2E 
   761 00000080 4F 2A 2A 2A 2A 2A 4F 2E 2E 2E   	DB	"O*****O........."
       0000008A 2E 2E 2E 2E 2E 2E 
   762 00000090 4F 2A 2A 2A 2A 2A 2A 4F 2E 2E   	DB	"O******O........"
       0000009A 2E 2E 2E 2E 2E 2E 
   763 000000A0 4F 2A 2A 2A 2A 2A 2A 2A 4F 2E   	DB	"O*******O......."
       000000AA 2E 2E 2E 2E 2E 2E 
   764 000000B0 4F 2A 2A 2A 2A 2A 2A 2A 2A 4F   	DB	"O********O......"
       000000BA 2E 2E 2E 2E 2E 2E 
   765 000000C0 4F 2A 2A 2A 2A 2A 4F 4F 4F 4F   	DB	"O*****OOOOO....."
       000000CA 4F 2E 2E 2E 2E 2E 
   766 000000D0 4F 2A 2A 4F 2A 2A 4F 2E 2E 2E   	DB	"O**O**O........."
       000000DA 2E 2E 2E 2E 2E 2E 
   767 000000E0 4F 2A 4F 2E 4F 2A 2A 4F 2E 2E   	DB	"O*O.O**O........"
       000000EA 2E 2E 2E 2E 2E 2E 
   768 000000F0 4F 4F 2E 2E 4F 2A 2A 4F 2E 2E   	DB	"OO..O**O........"
       000000FA 2E 2E 2E 2E 2E 2E 
   769 00000100 4F 2E 2E 2E 2E 4F 2A 2A 4F 2E   	DB	"O....O**O......."
       0000010A 2E 2E 2E 2E 2E 2E 
   770 00000110 2E 2E 2E 2E 2E 4F 2A 2A 4F 2E   	DB	".....O**O......."
       0000011A 2E 2E 2E 2E 2E 2E 
   771 00000120 2E 2E 2E 2E 2E 2E 4F 4F 2E 2E   	DB	"......OO........"
       0000012A 2E 2E 2E 2E 2E 2E 
   772                                          [SECTION .text]
   773 000006FA                                 	GLOBAL	_init_mouse_cursor8
   774 000006FA                                 _init_mouse_cursor8:
   775 000006FA 55                              	PUSH	EBP
   776 000006FB 89 E5                           	MOV	EBP,ESP
   777 000006FD 57                              	PUSH	EDI
   778 000006FE 56                              	PUSH	ESI
   779 000006FF 31 FF                           	XOR	EDI,EDI
   780 00000701 53                              	PUSH	EBX
   781 00000702 31 DB                           	XOR	EBX,EBX
   782 00000704 50                              	PUSH	EAX
   783 00000705 8A 45 0C                        	MOV	AL,BYTE [12+EBP]
   784 00000708 8B 75 08                        	MOV	ESI,DWORD [8+EBP]
   785 0000070B 88 45 F3                        	MOV	BYTE [-13+EBP],AL
   786 0000070E                                 L174:
   787 0000070E 31 D2                           	XOR	EDX,EDX
   788 00000710                                 L173:
   789 00000710 8D 04 3A                        	LEA	EAX,DWORD [EDX+EDI*1]
   790 00000713 80 B8 [00000030] 2A             	CMP	BYTE [_cursor.1+EAX],42
   791 0000071A 74 35                           	JE	L179
   792 0000071C                                 L170:
   793 0000071C 80 B8 [00000030] 4F             	CMP	BYTE [_cursor.1+EAX],79
   794 00000723 74 26                           	JE	L180
   795 00000725                                 L171:
   796 00000725 80 B8 [00000030] 2E             	CMP	BYTE [_cursor.1+EAX],46
   797 0000072C 74 15                           	JE	L181
   798 0000072E                                 L168:
   799 0000072E 42                              	INC	EDX
   800 0000072F 83 FA 0F                        	CMP	EDX,15
   801 00000732 7E DC                           	JLE	L173
   802 00000734 43                              	INC	EBX
   803 00000735 83 C7 10                        	ADD	EDI,16
   804 00000738 83 FB 0F                        	CMP	EBX,15
   805 0000073B 7E D1                           	JLE	L174
   806 0000073D 58                              	POP	EAX
   807 0000073E 5B                              	POP	EBX
   808 0000073F 5E                              	POP	ESI
   809 00000740 5F                              	POP	EDI
   810 00000741 5D                              	POP	EBP
   811 00000742 C3                              	RET
   812 00000743                                 L181:
   813 00000743 8A 4D F3                        	MOV	CL,BYTE [-13+EBP]
   814 00000746 88 0C 30                        	MOV	BYTE [EAX+ESI*1],CL
   815 00000749 EB E3                           	JMP	L168
   816 0000074B                                 L180:
   817 0000074B C6 04 30 07                     	MOV	BYTE [EAX+ESI*1],7
   818 0000074F EB D4                           	JMP	L171
   819 00000751                                 L179:
   820 00000751 C6 04 30 00                     	MOV	BYTE [EAX+ESI*1],0
   821 00000755 EB C5                           	JMP	L170
   822 00000757                                 	GLOBAL	_putblock8_8
   823 00000757                                 _putblock8_8:
   824 00000757 55                              	PUSH	EBP
   825 00000758 89 E5                           	MOV	EBP,ESP
   826 0000075A 57                              	PUSH	EDI
   827 0000075B 56                              	PUSH	ESI
   828 0000075C 31 F6                           	XOR	ESI,ESI
   829 0000075E 53                              	PUSH	EBX
   830 0000075F 83 EC 0C                        	SUB	ESP,12
   831 00000762 3B 75 14                        	CMP	ESI,DWORD [20+EBP]
   832 00000765 7D 3E                           	JGE	L194
   833 00000767 31 FF                           	XOR	EDI,EDI
   834 00000769                                 L192:
   835 00000769 31 DB                           	XOR	EBX,EBX
   836 0000076B 3B 5D 10                        	CMP	EBX,DWORD [16+EBP]
   837 0000076E 7D 2C                           	JGE	L196
   838 00000770 8B 45 20                        	MOV	EAX,DWORD [32+EBP]
   839 00000773 01 F8                           	ADD	EAX,EDI
   840 00000775 89 45 EC                        	MOV	DWORD [-20+EBP],EAX
   841 00000778                                 L191:
   842 00000778 8B 45 1C                        	MOV	EAX,DWORD [28+EBP]
   843 0000077B 8B 55 18                        	MOV	EDX,DWORD [24+EBP]
   844 0000077E 01 F0                           	ADD	EAX,ESI
   845 00000780 01 DA                           	ADD	EDX,EBX
   846 00000782 0F AF 45 0C                     	IMUL	EAX,DWORD [12+EBP]
   847 00000786 01 D0                           	ADD	EAX,EDX
   848 00000788 8B 4D 08                        	MOV	ECX,DWORD [8+EBP]
   849 0000078B 8B 55 EC                        	MOV	EDX,DWORD [-20+EBP]
   850 0000078E 43                              	INC	EBX
   851 0000078F 8A 12                           	MOV	DL,BYTE [EDX]
   852 00000791 88 14 08                        	MOV	BYTE [EAX+ECX*1],DL
   853 00000794 FF 45 EC                        	INC	DWORD [-20+EBP]
   854 00000797 3B 5D 10                        	CMP	EBX,DWORD [16+EBP]
   855 0000079A 7C DC                           	JL	L191
   856 0000079C                                 L196:
   857 0000079C 46                              	INC	ESI
   858 0000079D 03 7D 24                        	ADD	EDI,DWORD [36+EBP]
   859 000007A0 3B 75 14                        	CMP	ESI,DWORD [20+EBP]
   860 000007A3 7C C4                           	JL	L192
   861 000007A5                                 L194:
   862 000007A5 83 C4 0C                        	ADD	ESP,12
   863 000007A8 5B                              	POP	EBX
   864 000007A9 5E                              	POP	ESI
   865 000007AA 5F                              	POP	EDI
   866 000007AB 5D                              	POP	EBP
   867 000007AC C3                              	RET
   868                                          [SECTION .data]
   869 00000130                                 LC0:
   870 00000130 64 65 73 6B 74 6F 70 31 2E 6A   	DB	"desktop1.jpg",0x00
       0000013A 70 67 00 
   871                                          [SECTION .text]
   872 000007AD                                 	GLOBAL	_read_picture
   873 000007AD                                 _read_picture:
   874 000007AD 55                              	PUSH	EBP
   875 000007AE 89 E5                           	MOV	EBP,ESP
   876 000007B0 57                              	PUSH	EDI
   877 000007B1 56                              	PUSH	ESI
   878 000007B2 53                              	PUSH	EBX
   879 000007B3 83 EC 38                        	SUB	ESP,56
   880 000007B6 68 000000E0                     	PUSH	224
   881 000007BB 68 00102600                     	PUSH	1058304
   882 000007C0 68 [00000130]                   	PUSH	LC0
   883 000007C5 E8 [00000000]                   	CALL	_file_search
   884 000007CA 83 C4 0C                        	ADD	ESP,12
   885 000007CD 89 C3                           	MOV	EBX,EAX
   886 000007CF 83 C8 FF                        	OR	EAX,-1
   887 000007D2 85 DB                           	TEST	EBX,EBX
   888 000007D4 0F 84 000000EF                  	JE	L197
   889 000007DA 8B 43 1C                        	MOV	EAX,DWORD [28+EBX]
   890 000007DD 31 FF                           	XOR	EDI,EDI
   891 000007DF 50                              	PUSH	EAX
   892 000007E0 89 45 E0                        	MOV	DWORD [-32+EBP],EAX
   893 000007E3 68 003C0000                     	PUSH	3932160
   894 000007E8 E8 [00000000]                   	CALL	_memman_alloc_4k
   895 000007ED 8D 45 E0                        	LEA	EAX,DWORD [-32+EBP]
   896 000007F0 FF 75 08                        	PUSH	DWORD [8+EBP]
   897 000007F3 50                              	PUSH	EAX
   898 000007F4 0F B7 43 1A                     	MOVZX	EAX,WORD [26+EBX]
   899 000007F8 50                              	PUSH	EAX
   900 000007F9 E8 [00000000]                   	CALL	_file_loadfile2
   901 000007FE 68 00010000                     	PUSH	65536
   902 00000803 68 003C0000                     	PUSH	3932160
   903 00000808 89 45 DC                        	MOV	DWORD [-36+EBP],EAX
   904 0000080B E8 [00000000]                   	CALL	_memman_alloc_4k
   905 00000810 FF 75 DC                        	PUSH	DWORD [-36+EBP]
   906 00000813 FF 75 E0                        	PUSH	DWORD [-32+EBP]
   907 00000816 89 45 D4                        	MOV	DWORD [-44+EBP],EAX
   908 00000819 8D 45 E4                        	LEA	EAX,DWORD [-28+EBP]
   909 0000081C 50                              	PUSH	EAX
   910 0000081D FF 75 D4                        	PUSH	DWORD [-44+EBP]
   911 00000820 E8 [00000000]                   	CALL	_info_JPEG
   912 00000825 8B 45 F0                        	MOV	EAX,DWORD [-16+EBP]
   913 00000828 0F AF 45 EC                     	IMUL	EAX,DWORD [-20+EBP]
   914 0000082C C1 E0 02                        	SAL	EAX,2
   915 0000082F 83 C4 2C                        	ADD	ESP,44
   916 00000832 50                              	PUSH	EAX
   917 00000833 68 003C0000                     	PUSH	3932160
   918 00000838 E8 [00000000]                   	CALL	_memman_alloc_4k
   919 0000083D 6A 00                           	PUSH	0
   920 0000083F 50                              	PUSH	EAX
   921 00000840 89 45 D8                        	MOV	DWORD [-40+EBP],EAX
   922 00000843 6A 04                           	PUSH	4
   923 00000845 FF 75 DC                        	PUSH	DWORD [-36+EBP]
   924 00000848 FF 75 E0                        	PUSH	DWORD [-32+EBP]
   925 0000084B FF 75 D4                        	PUSH	DWORD [-44+EBP]
   926 0000084E E8 [00000000]                   	CALL	_decode0_JPEG
   927 00000853 83 C4 20                        	ADD	ESP,32
   928 00000856 8B 45 10                        	MOV	EAX,DWORD [16+EBP]
   929 00000859 B9 00000002                     	MOV	ECX,2
   930 0000085E 2B 45 EC                        	SUB	EAX,DWORD [-20+EBP]
   931 00000861 99                              	CDQ
   932 00000862 89 45 D0                        	MOV	DWORD [-48+EBP],EAX
   933 00000865 F7 F9                           	IDIV	ECX
   934 00000867 89 45 CC                        	MOV	DWORD [-52+EBP],EAX
   935 0000086A 8B 45 F0                        	MOV	EAX,DWORD [-16+EBP]
   936 0000086D 29 45 14                        	SUB	DWORD [20+EBP],EAX
   937 00000870 8B 45 14                        	MOV	EAX,DWORD [20+EBP]
   938 00000873 99                              	CDQ
   939 00000874 F7 F9                           	IDIV	ECX
   940 00000876 3B 7D F0                        	CMP	EDI,DWORD [-16+EBP]
   941 00000879 89 45 C4                        	MOV	DWORD [-60+EBP],EAX
   942 0000087C 7D 0F                           	JGE	L210
   943 0000087E                                 L208:
   944 0000087E 31 F6                           	XOR	ESI,ESI
   945 00000880 8B 45 EC                        	MOV	EAX,DWORD [-20+EBP]
   946 00000883 39 C6                           	CMP	ESI,EAX
   947 00000885 7C 4A                           	JL	L207
   948 00000887                                 L212:
   949 00000887 47                              	INC	EDI
   950 00000888 3B 7D F0                        	CMP	EDI,DWORD [-16+EBP]
   951 0000088B 7C F1                           	JL	L208
   952 0000088D                                 L210:
   953 0000088D FF 75 E0                        	PUSH	DWORD [-32+EBP]
   954 00000890 FF 75 DC                        	PUSH	DWORD [-36+EBP]
   955 00000893 68 003C0000                     	PUSH	3932160
   956 00000898 E8 [00000000]                   	CALL	_memman_free_4k
   957 0000089D 8B 45 F0                        	MOV	EAX,DWORD [-16+EBP]
   958 000008A0 0F AF 45 EC                     	IMUL	EAX,DWORD [-20+EBP]
   959 000008A4 C1 E0 02                        	SAL	EAX,2
   960 000008A7 50                              	PUSH	EAX
   961 000008A8 FF 75 D8                        	PUSH	DWORD [-40+EBP]
   962 000008AB 68 003C0000                     	PUSH	3932160
   963 000008B0 E8 [00000000]                   	CALL	_memman_free_4k
   964 000008B5 68 00010000                     	PUSH	65536
   965 000008BA FF 75 D4                        	PUSH	DWORD [-44+EBP]
   966 000008BD 68 003C0000                     	PUSH	3932160
   967 000008C2 E8 [00000000]                   	CALL	_memman_free_4k
   968 000008C7 31 C0                           	XOR	EAX,EAX
   969 000008C9                                 L197:
   970 000008C9 8D 65 F4                        	LEA	ESP,DWORD [-12+EBP]
   971 000008CC 5B                              	POP	EBX
   972 000008CD 5E                              	POP	ESI
   973 000008CE 5F                              	POP	EDI
   974 000008CF 5D                              	POP	EBP
   975 000008D0 C3                              	RET
   976 000008D1                                 L207:
   977 000008D1 0F AF C7                        	IMUL	EAX,EDI
   978 000008D4 8B 5D C4                        	MOV	EBX,DWORD [-60+EBP]
   979 000008D7 01 F0                           	ADD	EAX,ESI
   980 000008D9 01 FB                           	ADD	EBX,EDI
   981 000008DB 89 45 BC                        	MOV	DWORD [-68+EBP],EAX
   982 000008DE 0F AF 5D 10                     	IMUL	EBX,DWORD [16+EBP]
   983 000008E2 8B 45 CC                        	MOV	EAX,DWORD [-52+EBP]
   984 000008E5 8B 55 BC                        	MOV	EDX,DWORD [-68+EBP]
   985 000008E8 01 F0                           	ADD	EAX,ESI
   986 000008EA 8B 4D D8                        	MOV	ECX,DWORD [-40+EBP]
   987 000008ED 01 C3                           	ADD	EBX,EAX
   988 000008EF 0F BE 05 00000FF2               	MOVSX	EAX,BYTE [4082]
   989 000008F6 50                              	PUSH	EAX
   990 000008F7 57                              	PUSH	EDI
   991 000008F8 56                              	PUSH	ESI
   992 000008F9 46                              	INC	ESI
   993 000008FA 0F B6 04 91                     	MOVZX	EAX,BYTE [ECX+EDX*4]
   994 000008FE 50                              	PUSH	EAX
   995 000008FF 0F B6 44 91 01                  	MOVZX	EAX,BYTE [1+ECX+EDX*4]
   996 00000904 50                              	PUSH	EAX
   997 00000905 0F B6 44 91 02                  	MOVZX	EAX,BYTE [2+ECX+EDX*4]
   998 0000090A 50                              	PUSH	EAX
   999 0000090B E8 00000015                     	CALL	_rgb2pal
  1000 00000910 83 C4 18                        	ADD	ESP,24
  1001 00000913 8B 55 0C                        	MOV	EDX,DWORD [12+EBP]
  1002 00000916 88 04 13                        	MOV	BYTE [EBX+EDX*1],AL
  1003 00000919 8B 45 EC                        	MOV	EAX,DWORD [-20+EBP]
  1004 0000091C 39 C6                           	CMP	ESI,EAX
  1005 0000091E 7C B1                           	JL	L207
  1006 00000920 E9 FFFFFF62                     	JMP	L212
  1007                                          [SECTION .data]
  1008 0000013D 00 00 00                        	ALIGNB	4
  1009 00000140                                 _table.2:
  1010 00000140 00000003                        	DD	3
  1011 00000144 00000001                        	DD	1
  1012 00000148 00000000                        	DD	0
  1013 0000014C 00000002                        	DD	2
  1014                                          [SECTION .text]
  1015 00000925                                 	GLOBAL	_rgb2pal
  1016 00000925                                 _rgb2pal:
  1017 00000925 55                              	PUSH	EBP
  1018 00000926 89 E5                           	MOV	EBP,ESP
  1019 00000928 57                              	PUSH	EDI
  1020 00000929 56                              	PUSH	ESI
  1021 0000092A 53                              	PUSH	EBX
  1022 0000092B 83 EC 14                        	SUB	ESP,20
  1023 0000092E 8B 4D 08                        	MOV	ECX,DWORD [8+EBP]
  1024 00000931 8B 7D 0C                        	MOV	EDI,DWORD [12+EBP]
  1025 00000934 8B 5D 10                        	MOV	EBX,DWORD [16+EBP]
  1026 00000937 8B 55 14                        	MOV	EDX,DWORD [20+EBP]
  1027 0000093A 8B 45 18                        	MOV	EAX,DWORD [24+EBP]
  1028 0000093D 83 7D 1C 08                     	CMP	DWORD [28+EBP],8
  1029 00000941 74 27                           	JE	L216
  1030 00000943 C1 E1 08                        	SAL	ECX,8
  1031 00000946 8D 04 FD 00000000               	LEA	EAX,DWORD [0+EDI*8]
  1032 0000094D 66 25 07E0                      	AND	AX,2016
  1033 00000951 89 CA                           	MOV	EDX,ECX
  1034 00000953 66 81 E2 F800                   	AND	DX,-2048
  1035 00000958 C1 FB 03                        	SAR	EBX,3
  1036 0000095B 09 C2                           	OR	EDX,EAX
  1037 0000095D 09 DA                           	OR	EDX,EBX
  1038 0000095F 0F B7 C2                        	MOVZX	EAX,DX
  1039 00000962                                 L213:
  1040 00000962 83 C4 14                        	ADD	ESP,20
  1041 00000965 5B                              	POP	EBX
  1042 00000966 5E                              	POP	ESI
  1043 00000967 5F                              	POP	EDI
  1044 00000968 5D                              	POP	EBP
  1045 00000969 C3                              	RET
  1046 0000096A                                 L216:
  1047 0000096A 6B C9 15                        	IMUL	ECX,ECX,21
  1048 0000096D 83 E2 01                        	AND	EDX,1
  1049 00000970 83 E0 01                        	AND	EAX,1
  1050 00000973 BE 00000100                     	MOV	ESI,256
  1051 00000978 8D 04 42                        	LEA	EAX,DWORD [EDX+EAX*2]
  1052 0000097B 6B FF 15                        	IMUL	EDI,EDI,21
  1053 0000097E 8B 04 85 [00000140]             	MOV	EAX,DWORD [_table.2+EAX*4]
  1054 00000985 89 45 E0                        	MOV	DWORD [-32+EBP],EAX
  1055 00000988 89 C8                           	MOV	EAX,ECX
  1056 0000098A 99                              	CDQ
  1057 0000098B F7 FE                           	IDIV	ESI
  1058 0000098D 89 C1                           	MOV	ECX,EAX
  1059 0000098F 89 F8                           	MOV	EAX,EDI
  1060 00000991 99                              	CDQ
  1061 00000992 F7 FE                           	IDIV	ESI
  1062 00000994 6B DB 15                        	IMUL	EBX,EBX,21
  1063 00000997 89 C7                           	MOV	EDI,EAX
  1064 00000999 03 4D E0                        	ADD	ECX,DWORD [-32+EBP]
  1065 0000099C 89 D8                           	MOV	EAX,EBX
  1066 0000099E 99                              	CDQ
  1067 0000099F F7 FE                           	IDIV	ESI
  1068 000009A1 89 C3                           	MOV	EBX,EAX
  1069 000009A3 BE 00000004                     	MOV	ESI,4
  1070 000009A8 89 C8                           	MOV	EAX,ECX
  1071 000009AA 03 7D E0                        	ADD	EDI,DWORD [-32+EBP]
  1072 000009AD 03 5D E0                        	ADD	EBX,DWORD [-32+EBP]
  1073 000009B0 99                              	CDQ
  1074 000009B1 F7 FE                           	IDIV	ESI
  1075 000009B3 89 C1                           	MOV	ECX,EAX
  1076 000009B5 89 F8                           	MOV	EAX,EDI
  1077 000009B7 99                              	CDQ
  1078 000009B8 F7 FE                           	IDIV	ESI
  1079 000009BA 89 C7                           	MOV	EDI,EAX
  1080 000009BC 89 D8                           	MOV	EAX,EBX
  1081 000009BE 99                              	CDQ
  1082 000009BF F7 FE                           	IDIV	ESI
  1083 000009C1 89 C3                           	MOV	EBX,EAX
  1084 000009C3 6B C7 06                        	IMUL	EAX,EDI,6
  1085 000009C6 6B D3 24                        	IMUL	EDX,EBX,36
  1086 000009C9 8D 04 08                        	LEA	EAX,DWORD [EAX+ECX*1]
  1087 000009CC 8D 44 02 10                     	LEA	EAX,DWORD [16+EDX+EAX*1]
  1088 000009D0 0F B7 C0                        	MOVZX	EAX,AX
  1089 000009D3 EB 8D                           	JMP	L213
